d:\codeproject\csc8502_deckard\shiluzhao_csc8502_coursework\blank project\x64\debug\vc142.pdb
d:\codeproject\csc8502_deckard\shiluzhao_csc8502_coursework\blank project\x64\debug\vc142.idb
d:\codeproject\csc8502_deckard\shiluzhao_csc8502_coursework\blank project\x64\debug\shadow.obj
d:\codeproject\csc8502_deckard\shiluzhao_csc8502_coursework\blank project\x64\debug\postprocessing.obj
d:\codeproject\csc8502_deckard\shiluzhao_csc8502_coursework\blank project\x64\debug\defferedrendering.obj
d:\codeproject\csc8502_deckard\shiluzhao_csc8502_coursework\blank project\x64\debug\coursework.obj
d:\codeproject\csc8502_deckard\shiluzhao_csc8502_coursework\blank project\x64\debug\renderer.obj
d:\codeproject\csc8502_deckard\shiluzhao_csc8502_coursework\x64\debug\coursework.exe
d:\codeproject\csc8502_deckard\shiluzhao_csc8502_coursework\x64\debug\coursework.ilk
d:\codeproject\csc8502_deckard\shiluzhao_csc8502_coursework\x64\debug\coursework.pdb
c:\users\decka\projects\opengl_island\blank project\x64\debug\blankproject.obj
c:\users\decka\projects\opengl_island\blank project\x64\debug\coursework.obj
c:\users\decka\projects\opengl_island\blank project\x64\debug\defferedrendering.obj
c:\users\decka\projects\opengl_island\blank project\x64\debug\postprocessing.obj
c:\users\decka\projects\opengl_island\blank project\x64\debug\renderer.obj
c:\users\decka\projects\opengl_island\blank project\x64\debug\shadow.obj
c:\users\decka\projects\opengl_island\blank project\x64\debug\renderer.obj.enc
c:\users\decka\projects\opengl_island\blank project\x64\debug\blank project.ilk
c:\users\decka\projects\opengl_island\blank project\x64\debug\vc142.idb
c:\users\decka\projects\opengl_island\blank project\x64\debug\vc142.pdb
c:\users\decka\projects\opengl_island\x64\debug\coursework.pdb
c:\users\decka\projects\opengl_island\x64\debug\coursework.exe
c:\users\decka\projects\opengl_island\x64\debug\coursework.ilk
c:\users\decka\projects\opengl_island\blank project\x64\debug\coursework.tlog\cl.command.1.tlog
c:\users\decka\projects\opengl_island\blank project\x64\debug\coursework.tlog\cl.read.1.tlog
c:\users\decka\projects\opengl_island\blank project\x64\debug\coursework.tlog\cl.write.1.tlog
c:\users\decka\projects\opengl_island\blank project\x64\debug\coursework.tlog\link.command.1.tlog
c:\users\decka\projects\opengl_island\blank project\x64\debug\coursework.tlog\link.read.1.tlog
c:\users\decka\projects\opengl_island\blank project\x64\debug\coursework.tlog\link.write.1.tlog
